<?xml version="1.0" encoding="UTF-8"?>
<testsuite xmlns:xsi="http://www.w3.org/2001/XMLSchema-instance" xsi:schemaLocation="https://maven.apache.org/surefire/maven-surefire-plugin/xsd/surefire-test-report.xsd" name="TestSuite" time="1.032" tests="54" errors="0" skipped="32" failures="22">
  <properties>
    <property name="JOB_NAME" value="ROMUI/com.gsicommerce.romui.selenium:ROMUI"/>
    <property name="java.vendor" value="Oracle Corporation"/>
    <property name="sun.java.launcher" value="SUN_STANDARD"/>
    <property name="NUMBER_OF_PROCESSORS" value="8"/>
    <property name="sun.management.compiler" value="HotSpot 64-Bit Tiered Compilers"/>
    <property name="JENKINS_HOME" value="C:\Users\shedubey\.jenkins"/>
    <property name="FPS_BROWSER_USER_PROFILE_STRING" value="Default"/>
    <property name="HUDSON_SERVER_COOKIE" value="74b6c028f026b16a"/>
    <property name="os.name" value="Windows 10"/>
    <property name="EXECUTOR_NUMBER" value="1"/>
    <property name="sun.desktop" value="windows"/>
    <property name="PATHEXT" value=".COM;.EXE;.BAT;.CMD;.VBS;.VBE;.JS;.JSE;.WSF;.WSH;.MSC"/>
    <property name="java.vm.specification.vendor" value="Oracle Corporation"/>
    <property name="TEMP" value="C:\Users\shedubey\AppData\Local\Temp"/>
    <property name="NODE_LABELS" value="master"/>
    <property name="java.runtime.version" value="12.0.2+10"/>
    <property name="IntelliJ IDEA Community Edition" value="C:\Program Files\JetBrains\IntelliJ IDEA Community Edition 2019.3.4\bin;"/>
    <property name="FPS_BROWSER_APP_PROFILE_STRING" value="Internet Explorer"/>
    <property name="user.name" value="shedubey"/>
    <property name="guice.disable.misplaced.annotation.check" value="true"/>
    <property name="CommonProgramW6432" value="C:\Program Files\Common Files"/>
    <property name="ProgramFiles" value="C:\Program Files"/>
    <property name="PROMPT" value="$P$G"/>
    <property name="user.language" value="en"/>
    <property name="JOB_BASE_NAME" value="com.gsicommerce.romui.selenium:ROMUI"/>
    <property name="RUN_CHANGES_DISPLAY_URL" value="http://localhost:8080/job/ROMUI/com.gsicommerce.romui.selenium$ROMUI/6/display/redirect?page=changes"/>
    <property name="BUILD_DISPLAY_NAME" value="#6"/>
    <property name="sun.boot.library.path" value="C:\Program Files\Java\jdk-12.0.2\bin"/>
    <property name="java.vm.compressedOopsMode" value="Zero based"/>
    <property name="LOCALAPPDATA" value="C:\Users\shedubey\AppData\Local"/>
    <property name="java.version" value="12.0.2"/>
    <property name="user.timezone" value="America/New_York"/>
    <property name="PROCESSOR_LEVEL" value="6"/>
    <property name="USERNAME" value="shedubey"/>
    <property name="sun.arch.data.model" value="64"/>
    <property name="NODE_NAME" value="master"/>
    <property name="BUILD_ID" value="6"/>
    <property name="sun.cpu.isalist" value="amd64"/>
    <property name="sun.jnu.encoding" value="Cp1252"/>
    <property name="maven.conf" value="C:\Users\shedubey\.jenkins\tools\hudson.tasks.Maven_MavenInstallation\Maven\conf"/>
    <property name="HOMEDRIVE" value="C:"/>
    <property name="file.separator" value="\"/>
    <property name="java.specification.name" value="Java Platform API Specification"/>
    <property name="java.class.version" value="56.0"/>
    <property name="=::" value="::\"/>
    <property name="org.slf4j.simpleLogger.defaultLogLevel" value="info"/>
    <property name="user.country" value="US"/>
    <property name="ALLUSERSPROFILE" value="C:\ProgramData"/>
    <property name="java.home" value="C:\Program Files\Java\jdk-12.0.2"/>
    <property name="java.vm.info" value="mixed mode, sharing"/>
    <property name="os.version" value="10.0"/>
    <property name="RUN_DISPLAY_URL" value="http://localhost:8080/job/ROMUI/com.gsicommerce.romui.selenium$ROMUI/6/display/redirect"/>
    <property name="TMP" value="C:\Users\shedubey\AppData\Local\Temp"/>
    <property name="path.separator" value=";"/>
    <property name="java.vm.version" value="12.0.2+10"/>
    <property name="user.variant" value=""/>
    <property name="CommonProgramFiles(x86)" value="C:\Program Files (x86)\Common Files"/>
    <property name="JOB_DISPLAY_URL" value="http://localhost:8080/job/ROMUI/com.gsicommerce.romui.selenium$ROMUI/display/redirect"/>
    <property name="USERDOMAIN_ROAMINGPROFILE" value="GSICCORP"/>
    <property name="CommonProgramFiles" value="C:\Program Files\Common Files"/>
    <property name="sun.io.unicode.encoding" value="UnicodeLittle"/>
    <property name="JAVA_HOME" value="C:\Program Files\Java\jdk-12.0.2"/>
    <property name="ComSpec" value="C:\WINDOWS\system32\cmd.exe"/>
    <property name="USERDNSDOMAIN" value="GSICCORP.NET"/>
    <property name="HOMEPATH" value="\Users\shedubey"/>
    <property name="awt.toolkit" value="sun.awt.windows.WToolkit"/>
    <property name="COMPUTERNAME" value="KOP-BM5TNF2"/>
    <property name="user.script" value=""/>
    <property name="user.home" value="C:\Users\shedubey"/>
    <property name="PUBLIC" value="C:\Users\Public"/>
    <property name="BUILD_TAG" value="jenkins-ROMUI-com.gsicommerce.romui.selenium:ROMUI-6"/>
    <property name="JENKINS_SERVER_COOKIE" value="74b6c028f026b16a"/>
    <property name="HUDSON_URL" value="http://localhost:8080/"/>
    <property name="ProgramData" value="C:\ProgramData"/>
    <property name="java.version.date" value="2019-07-16"/>
    <property name="java.specification.vendor" value="Oracle Corporation"/>
    <property name="USERPROFILE" value="C:\Users\shedubey"/>
    <property name="CLASSPATH" value=""/>
    <property name="java.library.path" value="C:\Program Files\Java\jdk-12.0.2\bin;C:\WINDOWS\Sun\Java\bin;C:\WINDOWS\system32;C:\WINDOWS;C:\Users\shedubey\.jenkins\tools\hudson.tasks.Maven_MavenInstallation\Maven/bin;C:\Program Files\Java\jdk-12.0.2/bin;C:\Program Files\Java\jdk-12.0.2/bin;C:\Program Files (x86)\Intel\Intel(R) Management Engine Components\iCLS\;C:\Program Files\Intel\Intel(R) Management Engine Components\iCLS\;C:\Program Files (x86)\RSA SecurID Token Common;C:\Program Files\RSA SecurID Token Common;C:\WINDOWS\system32;C:\WINDOWS;C:\WINDOWS\System32\Wbem;C:\WINDOWS\System32\WindowsPowerShell\v1.0\;C:\Program Files (x86)\Intel\Intel(R) Management Engine Components\DAL;C:\Program Files\Intel\Intel(R) Management Engine Components\DAL;C:\Program Files\Intel\WiFi\bin\;C:\Program Files\Common Files\Intel\WirelessCommon\;C:\Program Files (x86)\IBM\Client Access\Emulator;C:\Program Files (x86)\IBM\Client Access\Shared;C:\Program Files (x86)\IBM\Client Access\;C:\Program Files\Java\jdk-12.0.2\bin;C:\Users\shedubey\Desktop\PERSONAL\Selenium\software\Maven\apache-maven-3.6.2-bin\apache-maven-3.6.2\bin;C:\Program Files\Git\cmd;C:\Program Files\TortoiseSVN\bin;C:\Users\shedubey\AppData\Local\Microsoft\WindowsApps;C:\Program Files (x86)\SSH Communications Security\SSH Secure Shell;C:\Program Files\Java\jdk-12.0.2\bin;C:\Program Files\JetBrains\IntelliJ IDEA Community Edition 2019.3.4\bin;C:\Users\shedubey\AppData\Local\GitHubDesktop\bin;."/>
    <property name="java.vendor.url" value="https://java.oracle.com/"/>
    <property name="hudson.build.number" value="6"/>
    <property name="java.vm.vendor" value="Oracle Corporation"/>
    <property name="APPDATA" value="C:\Users\shedubey\AppData\Roaming"/>
    <property name="java.runtime.name" value="Java(TM) SE Runtime Environment"/>
    <property name="maven.home" value="C:\Users\shedubey\.jenkins\tools\hudson.tasks.Maven_MavenInstallation\Maven"/>
    <property name="java.class.path" value="C:\Users\shedubey\.jenkins\plugins\maven-plugin\WEB-INF\lib\maven35-agent-1.13.jar;C:\Users\shedubey\.jenkins\tools\hudson.tasks.Maven_MavenInstallation\Maven\boot\plexus-classworlds-2.6.0.jar;C:\Users\shedubey\.jenkins\tools\hudson.tasks.Maven_MavenInstallation\Maven/conf/logging"/>
    <property name="sun.java.command" value="jenkins.maven3.agent.Maven35Main C:\Users\shedubey\.jenkins\tools\hudson.tasks.Maven_MavenInstallation\Maven C:\Users\shedubey\.jenkins\war\WEB-INF\lib\remoting-4.2.jar C:\Users\shedubey\.jenkins\plugins\maven-plugin\WEB-INF\lib\maven35-interceptor-1.13.jar C:\Users\shedubey\.jenkins\plugins\maven-plugin\WEB-INF\lib\maven3-interceptor-commons-1.13.jar 52556"/>
    <property name="Path" value="C:\Program Files\Java\jdk-12.0.2/bin;C:\Program Files (x86)\Intel\Intel(R) Management Engine Components\iCLS\;C:\Program Files\Intel\Intel(R) Management Engine Components\iCLS\;C:\Program Files (x86)\RSA SecurID Token Common;C:\Program Files\RSA SecurID Token Common;C:\WINDOWS\system32;C:\WINDOWS;C:\WINDOWS\System32\Wbem;C:\WINDOWS\System32\WindowsPowerShell\v1.0\;C:\Program Files (x86)\Intel\Intel(R) Management Engine Components\DAL;C:\Program Files\Intel\Intel(R) Management Engine Components\DAL;C:\Program Files\Intel\WiFi\bin\;C:\Program Files\Common Files\Intel\WirelessCommon\;C:\Program Files (x86)\IBM\Client Access\Emulator;C:\Program Files (x86)\IBM\Client Access\Shared;C:\Program Files (x86)\IBM\Client Access\;C:\Program Files\Java\jdk-12.0.2\bin;C:\Users\shedubey\Desktop\PERSONAL\Selenium\software\Maven\apache-maven-3.6.2-bin\apache-maven-3.6.2\bin;C:\Program Files\Git\cmd;C:\Program Files\TortoiseSVN\bin;C:\Users\shedubey\AppData\Local\Microsoft\WindowsApps;C:\Program Files (x86)\SSH Communications Security\SSH Secure Shell;C:\Program Files\Java\jdk-12.0.2\bin;C:\Program Files\JetBrains\IntelliJ IDEA Community Edition 2019.3.4\bin;C:\Users\shedubey\AppData\Local\GitHubDesktop\bin"/>
    <property name="jdk.debug" value="release"/>
    <property name="PROCESSOR_ARCHITECTURE" value="AMD64"/>
    <property name="java.vm.specification.name" value="Java Virtual Machine Specification"/>
    <property name="PATH+JDK" value="C:\Program Files\Java\jdk-12.0.2/bin"/>
    <property name="SESSIONNAME" value="Console"/>
    <property name="PROCESSOR_IDENTIFIER" value="Intel64 Family 6 Model 142 Stepping 10, GenuineIntel"/>
    <property name="java.vm.specification.version" value="12"/>
    <property name="M2_HOME" value="C:\Users\shedubey\.jenkins\tools\hudson.tasks.Maven_MavenInstallation\Maven"/>
    <property name="sun.cpu.endian" value="little"/>
    <property name="sun.os.patch.level" value=""/>
    <property name="OS" value="Windows_NT"/>
    <property name="java.io.tmpdir" value="C:\Users\shedubey\AppData\Local\Temp\"/>
    <property name="HUDSON_HOME" value="C:\Users\shedubey\.jenkins"/>
    <property name="PATH+MAVEN" value="C:\Users\shedubey\.jenkins\tools\hudson.tasks.Maven_MavenInstallation\Maven/bin"/>
    <property name="ProgramFiles(x86)" value="C:\Program Files (x86)"/>
    <property name="java.vendor.url.bug" value="https://bugreport.java.com/bugreport/"/>
    <property name="BUILD_URL" value="http://localhost:8080/job/ROMUI/com.gsicommerce.romui.selenium$ROMUI/6/"/>
    <property name="SystemRoot" value="C:\WINDOWS"/>
    <property name="os.arch" value="amd64"/>
    <property name="java.awt.graphicsenv" value="sun.awt.Win32GraphicsEnvironment"/>
    <property name="user.dir" value="C:\Users\shedubey\Desktop\PERSONAL\Selenium\software\Jenkins"/>
    <property name="JOB_URL" value="http://localhost:8080/job/ROMUI/com.gsicommerce.romui.selenium$ROMUI/"/>
    <property name="LOGONSERVER" value="\\KOPPRDDC11"/>
    <property name="USERDOMAIN" value="GSICCORP"/>
    <property name="MAVEN_HOME" value="C:\Users\shedubey\.jenkins\tools\hudson.tasks.Maven_MavenInstallation\Maven"/>
    <property name="line.separator" value="&#10;"/>
    <property name="java.vm.name" value="Java HotSpot(TM) 64-Bit Server VM"/>
    <property name="BUILD_NUMBER" value="6"/>
    <property name="PROCESSOR_REVISION" value="8e0a"/>
    <property name="JENKINS_URL" value="http://localhost:8080/"/>
    <property name="UATDATA" value="C:\WINDOWS\CCM\UATData\D9F8C395-CAB8-491d-B8AC-179A1FE1BE77"/>
    <property name="ProgramW6432" value="C:\Program Files"/>
    <property name="windir" value="C:\WINDOWS"/>
    <property name="=C:" value="C:\Users\shedubey\Desktop\PERSONAL\Selenium\software\Jenkins"/>
    <property name="file.encoding" value="Cp1252"/>
    <property name="SystemDrive" value="C:"/>
    <property name="maven3.interceptor" value="C:\Users\shedubey\.jenkins\plugins\maven-plugin\WEB-INF\lib\maven35-interceptor-1.13.jar"/>
    <property name="WORKSPACE_TMP" value="C:\Users\shedubey\Desktop\ROM\ROMUI_Automation\0506\ROMUI@tmp"/>
    <property name="WORKSPACE" value="C:\Users\shedubey\Desktop\ROM\ROMUI_Automation\0506\ROMUI"/>
    <property name="maven3.interceptor.common" value="C:\Users\shedubey\.jenkins\plugins\maven-plugin\WEB-INF\lib\maven3-interceptor-commons-1.13.jar"/>
    <property name="PSModulePath" value="C:\Program Files\WindowsPowerShell\Modules;C:\WINDOWS\system32\WindowsPowerShell\v1.0\Modules"/>
    <property name="java.specification.version" value="12"/>
    <property name="RCL_LOG_CONFIG_PATH" value="C:\Program Files\IBM\RationalIntegrationTester"/>
  </properties>
  <testcase name="setup" classname="com.gsicommerce.romui.selenium.tests.OrdersTest" time="0.48">
    <failure type="java.lang.NullPointerException">java.lang.NullPointerException
</failure>
  </testcase>
  <testcase name="testSearchOrderByCustomerName" classname="com.gsicommerce.romui.selenium.tests.OrdersTest" time="0">
    <skipped/>
  </testcase>
  <testcase name="tearDown" classname="com.gsicommerce.romui.selenium.tests.OrdersTest" time="0.047">
    <failure type="java.lang.NullPointerException">java.lang.NullPointerException
</failure>
  </testcase>
  <testcase name="setup" classname="com.gsicommerce.romui.selenium.tests.PipelinesTest" time="0.051">
    <failure type="java.lang.NullPointerException">java.lang.NullPointerException
</failure>
  </testcase>
  <testcase name="setup" classname="com.gsicommerce.romui.selenium.tests.PipelinesTest" time="0">
    <skipped/>
  </testcase>
  <testcase name="setup" classname="com.gsicommerce.romui.selenium.tests.PipelinesTest" time="0">
    <skipped/>
  </testcase>
  <testcase name="setup" classname="com.gsicommerce.romui.selenium.tests.PipelinesTest" time="0">
    <skipped/>
  </testcase>
  <testcase name="setup" classname="com.gsicommerce.romui.selenium.tests.PipelinesTest" time="0">
    <skipped/>
  </testcase>
  <testcase name="setup" classname="com.gsicommerce.romui.selenium.tests.PipelinesTest" time="0">
    <skipped/>
  </testcase>
  <testcase name="testAddPipeline" classname="com.gsicommerce.romui.selenium.tests.PipelinesTest" time="0">
    <skipped/>
  </testcase>
  <testcase name="tearDown" classname="com.gsicommerce.romui.selenium.tests.PipelinesTest" time="0.001">
    <failure type="java.lang.NullPointerException">java.lang.NullPointerException
</failure>
  </testcase>
  <testcase name="tearDown" classname="com.gsicommerce.romui.selenium.tests.PipelinesTest" time="0.001">
    <failure type="java.lang.NullPointerException">java.lang.NullPointerException
</failure>
  </testcase>
  <testcase name="tearDown" classname="com.gsicommerce.romui.selenium.tests.PipelinesTest" time="0.001">
    <failure type="java.lang.NullPointerException">java.lang.NullPointerException
</failure>
  </testcase>
  <testcase name="tearDown" classname="com.gsicommerce.romui.selenium.tests.PipelinesTest" time="0.001">
    <failure type="java.lang.NullPointerException">java.lang.NullPointerException
</failure>
  </testcase>
  <testcase name="tearDown" classname="com.gsicommerce.romui.selenium.tests.PipelinesTest" time="0.002">
    <failure type="java.lang.NullPointerException">java.lang.NullPointerException
</failure>
  </testcase>
  <testcase name="tearDown" classname="com.gsicommerce.romui.selenium.tests.PipelinesTest" time="0.002">
    <failure type="java.lang.NullPointerException">java.lang.NullPointerException
</failure>
  </testcase>
  <testcase name="testViewPipeline" classname="com.gsicommerce.romui.selenium.tests.PipelinesTest" time="0">
    <skipped/>
  </testcase>
  <testcase name="testDeletePipeline" classname="com.gsicommerce.romui.selenium.tests.PipelinesTest" time="0">
    <skipped/>
  </testcase>
  <testcase name="testCopyPipeline" classname="com.gsicommerce.romui.selenium.tests.PipelinesTest" time="0">
    <skipped/>
  </testcase>
  <testcase name="testEditPipelineConfiguration" classname="com.gsicommerce.romui.selenium.tests.PipelinesTest" time="0">
    <skipped/>
  </testcase>
  <testcase name="testEditPipeline" classname="com.gsicommerce.romui.selenium.tests.PipelinesTest" time="0">
    <skipped/>
  </testcase>
  <testcase name="setup" classname="com.gsicommerce.romui.selenium.tests.ServiceFlowTest" time="0.003">
    <failure type="java.lang.NullPointerException">java.lang.NullPointerException
</failure>
  </testcase>
  <testcase name="setup" classname="com.gsicommerce.romui.selenium.tests.ServiceFlowTest" time="0">
    <skipped/>
  </testcase>
  <testcase name="setup" classname="com.gsicommerce.romui.selenium.tests.ServiceFlowTest" time="0">
    <skipped/>
  </testcase>
  <testcase name="setup" classname="com.gsicommerce.romui.selenium.tests.ServiceFlowTest" time="0">
    <skipped/>
  </testcase>
  <testcase name="setup" classname="com.gsicommerce.romui.selenium.tests.ServiceFlowTest" time="0">
    <skipped/>
  </testcase>
  <testcase name="testAddServiceFlow" classname="com.gsicommerce.romui.selenium.tests.ServiceFlowTest" time="0">
    <skipped/>
  </testcase>
  <testcase name="tearDown" classname="com.gsicommerce.romui.selenium.tests.ServiceFlowTest" time="0.001">
    <failure type="java.lang.NullPointerException">java.lang.NullPointerException
</failure>
  </testcase>
  <testcase name="tearDown" classname="com.gsicommerce.romui.selenium.tests.ServiceFlowTest" time="0.001">
    <failure type="java.lang.NullPointerException">java.lang.NullPointerException
</failure>
  </testcase>
  <testcase name="tearDown" classname="com.gsicommerce.romui.selenium.tests.ServiceFlowTest" time="0.002">
    <failure type="java.lang.NullPointerException">java.lang.NullPointerException
</failure>
  </testcase>
  <testcase name="tearDown" classname="com.gsicommerce.romui.selenium.tests.ServiceFlowTest" time="0.002">
    <failure type="java.lang.NullPointerException">java.lang.NullPointerException
</failure>
  </testcase>
  <testcase name="tearDown" classname="com.gsicommerce.romui.selenium.tests.ServiceFlowTest" time="0.001">
    <failure type="java.lang.NullPointerException">java.lang.NullPointerException
</failure>
  </testcase>
  <testcase name="testViewServiceFlow" classname="com.gsicommerce.romui.selenium.tests.ServiceFlowTest" time="0">
    <skipped/>
  </testcase>
  <testcase name="testEditServiceFlowProcesses" classname="com.gsicommerce.romui.selenium.tests.ServiceFlowTest" time="0">
    <skipped/>
  </testcase>
  <testcase name="testCopyServiceFlow" classname="com.gsicommerce.romui.selenium.tests.ServiceFlowTest" time="0">
    <skipped/>
  </testcase>
  <testcase name="testEditServiceFlow" classname="com.gsicommerce.romui.selenium.tests.ServiceFlowTest" time="0">
    <skipped/>
  </testcase>
  <testcase name="setup" classname="com.gsicommerce.romui.selenium.tests.ShippingLabelConfigTest" time="0.002">
    <failure type="java.lang.NullPointerException">java.lang.NullPointerException
</failure>
  </testcase>
  <testcase name="setup" classname="com.gsicommerce.romui.selenium.tests.ShippingLabelConfigTest" time="0">
    <skipped/>
  </testcase>
  <testcase name="setup" classname="com.gsicommerce.romui.selenium.tests.ShippingLabelConfigTest" time="0">
    <skipped/>
  </testcase>
  <testcase name="setup" classname="com.gsicommerce.romui.selenium.tests.ShippingLabelConfigTest" time="0">
    <skipped/>
  </testcase>
  <testcase name="setup" classname="com.gsicommerce.romui.selenium.tests.ShippingLabelConfigTest" time="0">
    <skipped/>
  </testcase>
  <testcase name="setup" classname="com.gsicommerce.romui.selenium.tests.ShippingLabelConfigTest" time="0">
    <skipped/>
  </testcase>
  <testcase name="testAddShipLabelConfigByConsignor" classname="com.gsicommerce.romui.selenium.tests.ShippingLabelConfigTest" time="0">
    <skipped/>
  </testcase>
  <testcase name="tearDown" classname="com.gsicommerce.romui.selenium.tests.ShippingLabelConfigTest" time="0.002">
    <failure type="java.lang.NullPointerException">java.lang.NullPointerException
</failure>
  </testcase>
  <testcase name="tearDown" classname="com.gsicommerce.romui.selenium.tests.ShippingLabelConfigTest" time="0.001">
    <failure type="java.lang.NullPointerException">java.lang.NullPointerException
</failure>
  </testcase>
  <testcase name="tearDown" classname="com.gsicommerce.romui.selenium.tests.ShippingLabelConfigTest" time="0.001">
    <failure type="java.lang.NullPointerException">java.lang.NullPointerException
</failure>
  </testcase>
  <testcase name="tearDown" classname="com.gsicommerce.romui.selenium.tests.ShippingLabelConfigTest" time="0.002">
    <failure type="java.lang.NullPointerException">java.lang.NullPointerException
</failure>
  </testcase>
  <testcase name="tearDown" classname="com.gsicommerce.romui.selenium.tests.ShippingLabelConfigTest" time="0.002">
    <failure type="java.lang.NullPointerException">java.lang.NullPointerException
</failure>
  </testcase>
  <testcase name="tearDown" classname="com.gsicommerce.romui.selenium.tests.ShippingLabelConfigTest" time="0.001">
    <failure type="java.lang.NullPointerException">java.lang.NullPointerException
</failure>
  </testcase>
  <testcase name="testAddShipLabelConfigByUps" classname="com.gsicommerce.romui.selenium.tests.ShippingLabelConfigTest" time="0">
    <skipped/>
  </testcase>
  <testcase name="testAddShipLabelConfigByFedex" classname="com.gsicommerce.romui.selenium.tests.ShippingLabelConfigTest" time="0">
    <skipped/>
  </testcase>
  <testcase name="testeditShipLabelConfigByFedex" classname="com.gsicommerce.romui.selenium.tests.ShippingLabelConfigTest" time="0">
    <skipped/>
  </testcase>
  <testcase name="testeditShipLabelConfigByConsignor" classname="com.gsicommerce.romui.selenium.tests.ShippingLabelConfigTest" time="0">
    <skipped/>
  </testcase>
  <testcase name="testEditShipLabelConfigByUps" classname="com.gsicommerce.romui.selenium.tests.ShippingLabelConfigTest" time="0">
    <skipped/>
  </testcase>
</testsuite>