<?xml version="1.0" encoding="UTF-8"?>
<!-- Generated by org.testng.reporters.JUnitReportReporter -->
<testsuite hostname="KOP-BM5TNF2" failures="0" tests="1" name="com.gsicommerce.romui.selenium.tests.NodeCalendarsTests" time="47.788" errors="0" timestamp="2020-07-13T17:25:44 EDT" skipped="0">
  <testcase classname="com.gsicommerce.romui.selenium.tests.NodeCalendarsTests" name="testSearchOrderbyNumber" time="47.788"/>
  <system-out>
Expected condition failed: waiting for element to be clickable: [[ChromeDriver: chrome on WINDOWS (416a9099582fb95be921b3fe1ef46adb)] -> css selector: [name='store_fulfillment_calendar[friday_attributes][working_day]'][type='checkbox']] (tried for 20 second(s) with 500 milliseconds interval)
Build info: version: '3.141.59', revision: 'e82be7d358', time: '2018-11-14T08:17:03'
System info: host: 'KOP-BM5TNF2', ip: '10.140.133.19', os.name: 'Windows 10', os.arch: 'amd64', os.version: '10.0', java.version: '12.0.2'
Driver info: org.openqa.selenium.chrome.ChromeDriver
Capabilities {acceptInsecureCerts: false, browserName: chrome, browserVersion: 83.0.4103.116, chrome: {chromedriverVersion: 83.0.4103.39 (ccbf011cb2d2b..., userDataDir: C:\Users\shedubey\AppData\L...}, goog:chromeOptions: {debuggerAddress: localhost:57678}, javascriptEnabled: true, networkConnectionEnabled: false, pageLoadStrategy: normal, platform: WINDOWS, platformName: WINDOWS, proxy: Proxy(), setWindowRect: true, strictFileInteractability: false, timeouts: {implicit: 0, pageLoad: 300000, script: 30000}, unhandledPromptBehavior: dismiss and notify, webauthn:virtualAuthenticators: true}
Session ID: 416a9099582fb95be921b3fe1ef46adb  </system-out>
</testsuite> <!-- com.gsicommerce.romui.selenium.tests.NodeCalendarsTests -->
