<?xml version="1.0" encoding="UTF-8"?>
<!-- Generated by org.testng.reporters.JUnitReportReporter -->
<testsuite hostname="KOP-BM5TNF2" failures="0" tests="1" name="com.gsicommerce.romui.selenium.tests.ShippingLabelConfigTest" time="22.487" errors="1" timestamp="2020-05-07T17:44:54 EDT" skipped="0">
  <testcase classname="com.gsicommerce.romui.selenium.tests.ShippingLabelConfigTest" name="testAddShipLabelConfig" time="22.487">
    <error message="Unrecognized field &quot;pipelineName&quot; (class com.gsicommerce.romui.selenium.testdata.ShippingLabelConfigData), not marked as ignorable (12 known properties: &quot;state&quot;, &quot;parentKey&quot;, &quot;parentMeterNumber&quot;, &quot;addressLine1&quot;, &quot;addressLine2&quot;, &quot;city&quot;, &quot;parentAccountNumber&quot;, &quot;sellerDescription&quot;, &quot;zipcode&quot;, &quot;parentPassword&quot;, &quot;signatureOption&quot;, &quot;labelStockType&quot;])
 at [Source: (File); line: 2, column: 18] (through reference chain: com.gsicommerce.romui.selenium.testdata.ShippingLabelConfigData[&quot;pipelineName&quot;])" type="com.fasterxml.jackson.databind.exc.UnrecognizedPropertyException">
      <![CDATA[com.fasterxml.jackson.databind.exc.UnrecognizedPropertyException: Unrecognized field "pipelineName" (class com.gsicommerce.romui.selenium.testdata.ShippingLabelConfigData), not marked as ignorable (12 known properties: "state", "parentKey", "parentMeterNumber", "addressLine1", "addressLine2", "city", "parentAccountNumber", "sellerDescription", "zipcode", "parentPassword", "signatureOption", "labelStockType"])
 at [Source: (File); line: 2, column: 18] (through reference chain: com.gsicommerce.romui.selenium.testdata.ShippingLabelConfigData["pipelineName"])
at com.fasterxml.jackson.databind.exc.UnrecognizedPropertyException.from(UnrecognizedPropertyException.java:61)
at com.fasterxml.jackson.databind.DeserializationContext.handleUnknownProperty(DeserializationContext.java:843)
at com.fasterxml.jackson.databind.deser.std.StdDeserializer.handleUnknownProperty(StdDeserializer.java:1206)
at com.fasterxml.jackson.databind.deser.BeanDeserializerBase.handleUnknownProperty(BeanDeserializerBase.java:1592)
at com.fasterxml.jackson.databind.deser.BeanDeserializerBase.handleUnknownVanilla(BeanDeserializerBase.java:1570)
at com.fasterxml.jackson.databind.deser.BeanDeserializer.vanillaDeserialize(BeanDeserializer.java:294)
at com.fasterxml.jackson.databind.deser.BeanDeserializer.deserialize(BeanDeserializer.java:151)
at com.fasterxml.jackson.databind.ObjectMapper._readMapAndClose(ObjectMapper.java:4218)
at com.fasterxml.jackson.databind.ObjectMapper.readValue(ObjectMapper.java:3079)
at com.gsicommerce.romui.selenium.testdata.ShippingLabelConfigData.get(ShippingLabelConfigData.java:101)
at com.gsicommerce.romui.selenium.pages.ordermanagement.ShippingLabelConfigPage.addShippingLabelConfig(ShippingLabelConfigPage.java:102)
at com.gsicommerce.romui.selenium.tests.ShippingLabelConfigTest.testAddShipLabelConfig(ShippingLabelConfigTest.java:22)
at java.base/jdk.internal.reflect.NativeMethodAccessorImpl.invoke0(Native Method)
at java.base/jdk.internal.reflect.NativeMethodAccessorImpl.invoke(NativeMethodAccessorImpl.java:62)
at java.base/jdk.internal.reflect.DelegatingMethodAccessorImpl.invoke(DelegatingMethodAccessorImpl.java:43)
at java.base/java.lang.reflect.Method.invoke(Method.java:567)
at org.testng.internal.MethodInvocationHelper.invokeMethod(MethodInvocationHelper.java:134)
at org.testng.internal.TestInvoker.invokeMethod(TestInvoker.java:597)
at org.testng.internal.TestInvoker.invokeTestMethod(TestInvoker.java:173)
at org.testng.internal.MethodRunner.runInSequence(MethodRunner.java:46)
at org.testng.internal.TestInvoker$MethodInvocationAgent.invoke(TestInvoker.java:816)
at org.testng.internal.TestInvoker.invokeTestMethods(TestInvoker.java:146)
at org.testng.internal.TestMethodWorker.invokeTestMethods(TestMethodWorker.java:146)
at org.testng.internal.TestMethodWorker.run(TestMethodWorker.java:128)
at java.base/java.util.ArrayList.forEach(ArrayList.java:1540)
at org.testng.TestRunner.privateRun(TestRunner.java:766)
at org.testng.TestRunner.run(TestRunner.java:587)
at org.testng.SuiteRunner.runTest(SuiteRunner.java:384)
at org.testng.SuiteRunner.runSequentially(SuiteRunner.java:378)
at org.testng.SuiteRunner.privateRun(SuiteRunner.java:337)
at org.testng.SuiteRunner.run(SuiteRunner.java:286)
at org.testng.SuiteRunnerWorker.runSuite(SuiteRunnerWorker.java:53)
at org.testng.SuiteRunnerWorker.run(SuiteRunnerWorker.java:96)
at org.testng.TestNG.runSuitesSequentially(TestNG.java:1187)
at org.testng.TestNG.runSuitesLocally(TestNG.java:1109)
at org.testng.TestNG.runSuites(TestNG.java:1039)
at org.testng.TestNG.run(TestNG.java:1007)
at org.testng.remote.AbstractRemoteTestNG.run(AbstractRemoteTestNG.java:115)
at org.testng.remote.RemoteTestNG.initAndRun(RemoteTestNG.java:251)
at org.testng.remote.RemoteTestNG.main(RemoteTestNG.java:77)
]]>
    </error>
  </testcase> <!-- testAddShipLabelConfig -->
  <system-out>
class com.sun.proxy.$Proxy15 cannot be cast to class org.openqa.selenium.By (com.sun.proxy.$Proxy15 and org.openqa.selenium.By are in unnamed module of loader 'app')  </system-out>
</testsuite> <!-- com.gsicommerce.romui.selenium.tests.ShippingLabelConfigTest -->
