<?xml version="1.0" encoding="UTF-8"?>
<!-- Generated by org.testng.reporters.JUnitReportReporter -->
<testsuite hostname="KOP-BM5TNF2" failures="0" tests="1" name="com.gsicommerce.romui.selenium.tests.NodeCalendarsTests" time="28.031" errors="0" timestamp="2020-07-08T01:02:57 EDT" skipped="0">
  <testcase classname="com.gsicommerce.romui.selenium.tests.NodeCalendarsTests" name="testAddNodeCalendars" time="28.031"/>
  <system-out/>
</testsuite> <!-- com.gsicommerce.romui.selenium.tests.NodeCalendarsTests -->
