<?xml version="1.0" encoding="UTF-8"?>
<!-- Generated by org.testng.reporters.JUnitReportReporter -->
<testsuite hostname="KOP-BM5TNF2" failures="0" tests="7" name="com.gsicommerce.romui.selenium.tests.OrdersTests" time="26.799" errors="0" timestamp="2020-05-31T00:49:14 EDT" skipped="6">
  <testcase classname="com.gsicommerce.romui.selenium.tests.OrdersTests" name="testEditSearch" time="26.799"/>
  <system-out>
class com.sun.proxy.$Proxy15 cannot be cast to class org.openqa.selenium.By (com.sun.proxy.$Proxy15 and org.openqa.selenium.By are in unnamed module of loader 'app')  </system-out>
  <testcase classname="com.gsicommerce.romui.selenium.tests.OrdersTests" name="testSearchOrderByOrderStatus">
    <skipped/>
  </testcase> <!-- testSearchOrderByOrderStatus -->
  <system-out/>
  <testcase classname="com.gsicommerce.romui.selenium.tests.OrdersTests" name="testSearchOrderByCustomerName">
    <skipped/>
  </testcase> <!-- testSearchOrderByCustomerName -->
  <system-out/>
  <testcase classname="com.gsicommerce.romui.selenium.tests.OrdersTests" name="testSearchOrderByEmail">
    <skipped/>
  </testcase> <!-- testSearchOrderByEmail -->
  <system-out/>
  <testcase classname="com.gsicommerce.romui.selenium.tests.OrdersTests" name="testSearchOrderbyNumber">
    <skipped/>
  </testcase> <!-- testSearchOrderbyNumber -->
  <system-out/>
  <testcase classname="com.gsicommerce.romui.selenium.tests.OrdersTests" name="testViewOrder">
    <skipped/>
  </testcase> <!-- testViewOrder -->
  <system-out/>
  <testcase classname="com.gsicommerce.romui.selenium.tests.OrdersTests" name="testSearchOrderByFullfillmentNumber">
    <skipped/>
  </testcase> <!-- testSearchOrderByFullfillmentNumber -->
  <system-out/>
</testsuite> <!-- com.gsicommerce.romui.selenium.tests.OrdersTests -->
