<?xml version="1.0" encoding="UTF-8"?>
<!-- Generated by org.testng.reporters.JUnitReportReporter -->
<testsuite hostname="KOP-BM5TNF2" failures="0" tests="6" name="com.gsicommerce.romui.selenium.tests.PaymentMethodConfigTests" time="27.412" errors="0" timestamp="2020-06-17T23:36:11 EDT" skipped="5">
  <testcase classname="com.gsicommerce.romui.selenium.tests.PaymentMethodConfigTests" name="testEditPaymentConfig" time="27.412"/>
  <system-out>
class com.sun.proxy.$Proxy15 cannot be cast to class org.openqa.selenium.By (com.sun.proxy.$Proxy15 and org.openqa.selenium.By are in unnamed module of loader 'app')  </system-out>
  <testcase classname="com.gsicommerce.romui.selenium.tests.PaymentMethodConfigTests" name="testAddPaymentConfigForStoredValueCard">
    <skipped/>
  </testcase> <!-- testAddPaymentConfigForStoredValueCard -->
  <system-out/>
  <testcase classname="com.gsicommerce.romui.selenium.tests.PaymentMethodConfigTests" name="testDeletePaymentConfig">
    <skipped/>
  </testcase> <!-- testDeletePaymentConfig -->
  <system-out/>
  <testcase classname="com.gsicommerce.romui.selenium.tests.PaymentMethodConfigTests" name="testAddPaymentConfigForCreditCard">
    <skipped/>
  </testcase> <!-- testAddPaymentConfigForCreditCard -->
  <system-out/>
  <testcase classname="com.gsicommerce.romui.selenium.tests.PaymentMethodConfigTests" name="testAddPaymentConfigForPrePaidCard">
    <skipped/>
  </testcase> <!-- testAddPaymentConfigForPrePaidCard -->
  <system-out/>
  <testcase classname="com.gsicommerce.romui.selenium.tests.PaymentMethodConfigTests" name="testAddPaymentConfigForPayPal">
    <skipped/>
  </testcase> <!-- testAddPaymentConfigForPayPal -->
  <system-out/>
</testsuite> <!-- com.gsicommerce.romui.selenium.tests.PaymentMethodConfigTests -->
