<?xml version="1.0" encoding="UTF-8"?>
<!-- Generated by org.testng.reporters.JUnitReportReporter -->
<testsuite hostname="KOP-BM5TNF2" failures="0" tests="11" name="com.gsicommerce.romui.selenium.tests.ShippingLabelConfigTests" time="737.837" errors="0" timestamp="2020-07-14T15:12:48 EDT" skipped="0">
  <testcase classname="com.gsicommerce.romui.selenium.tests.ShippingLabelConfigTests" name="testAddShipLabelConfigByConsignor" time="73.516"/>
  <system-out>
There is no page limit option displayed page limit drop down value is selected There is no page limit option displayed page limit drop down value is selected Getting the column value of the first row Getting the column value of the first row Getting the column value of the first row  </system-out>
  <testcase classname="com.gsicommerce.romui.selenium.tests.ShippingLabelConfigTests" name="testAddShipLabelConfigByConsignorMock" time="83.536"/>
  <system-out>
There is no page limit option displayed page limit drop down value is selected There is no page limit option displayed page limit drop down value is selected Getting the column value of the first row Getting the column value of the first row  </system-out>
  <testcase classname="com.gsicommerce.romui.selenium.tests.ShippingLabelConfigTests" name="testAddShipLabelConfigByFedex" time="78.370"/>
  <system-out>
There is no page limit option displayed page limit drop down value is selected There is no page limit option displayed page limit drop down value is selected Getting the column value of the first row Getting the column value of the first row  </system-out>
  <testcase classname="com.gsicommerce.romui.selenium.tests.ShippingLabelConfigTests" name="testAddShipLabelConfigByUps" time="98.767"/>
  <system-out>
There is no page limit option displayed page limit drop down value is selected There is no page limit option displayed page limit drop down value is selected Getting the column value of the first row Getting the column value of the first row  </system-out>
  <testcase classname="com.gsicommerce.romui.selenium.tests.ShippingLabelConfigTests" name="testAddShipLabelConfigByUPSMock" time="75.060"/>
  <system-out>
There is no page limit option displayed page limit drop down value is selected There is no page limit option displayed page limit drop down value is selected Getting the column value of the first row Getting the column value of the first row  </system-out>
  <testcase classname="com.gsicommerce.romui.selenium.tests.ShippingLabelConfigTests" name="testEditShipLabelConfigByConsignor" time="56.386"/>
  <system-out>
There is no page limit option displayed page limit drop down value is selected Action icon is clicked on  </system-out>
  <testcase classname="com.gsicommerce.romui.selenium.tests.ShippingLabelConfigTests" name="testEditShipLabelConfigByConsignor_mock" time="59.452"/>
  <system-out>
There is no page limit option displayed page limit drop down value is selected Action icon is clicked on  </system-out>
  <testcase classname="com.gsicommerce.romui.selenium.tests.ShippingLabelConfigTests" name="testeditShipLabelConfigByFedex" time="55.352"/>
  <system-out>
There is no page limit option displayed page limit drop down value is selected Action icon is clicked on  </system-out>
  <testcase classname="com.gsicommerce.romui.selenium.tests.ShippingLabelConfigTests" name="testEditShipLabelConfigByUps" time="60.248"/>
  <system-out>
There is no page limit option displayed page limit drop down value is selected Action icon is clicked on  </system-out>
  <testcase classname="com.gsicommerce.romui.selenium.tests.ShippingLabelConfigTests" name="testEditShipLabelConfigByUps_mock" time="59.479"/>
  <system-out>
There is no page limit option displayed page limit drop down value is selected Action icon is clicked on  </system-out>
  <testcase classname="com.gsicommerce.romui.selenium.tests.ShippingLabelConfigTests" name="testShipLabelConfigFormValidation" time="37.671"/>
  <system-out/>
</testsuite> <!-- com.gsicommerce.romui.selenium.tests.ShippingLabelConfigTests -->
