<?xml version="1.0" encoding="UTF-8"?>
<!-- Generated by org.testng.reporters.JUnitReportReporter -->
<testsuite hostname="KOP-BM5TNF2" failures="0" tests="12" name="com.gsicommerce.romui.selenium.tests.PipelinesTests" time="893.895" errors="0" timestamp="2020-06-17T17:00:44 EDT" skipped="0">
  <testcase classname="com.gsicommerce.romui.selenium.tests.PipelinesTests" name="testAddPipeline" time="74.705"/>
  <system-out>
Selecting PIPELINE CRITERIA BY TENDER TYPE Selecting PIPELINE CRITERIA BY ORDER TYPE  </system-out>
  <testcase classname="com.gsicommerce.romui.selenium.tests.PipelinesTests" name="testViewPipeline" time="67.114"/>
  <system-out>
Action icon is clicked on  </system-out>
  <testcase classname="com.gsicommerce.romui.selenium.tests.PipelinesTests" name="testEditPipeline" time="79.071"/>
  <system-out>
Click Edit Pipeline Icon for Draft status record Action icon is clicked on Selecting Fulfillment Method type Expected condition failed: waiting for presence of element located by: By.id:  (tried for 10 second(s) with 500 milliseconds interval)  </system-out>
  <testcase classname="com.gsicommerce.romui.selenium.tests.PipelinesTests" name="testeditPipelineActive" time="80.642"/>
  <system-out>
Click Edit Pipeline Icon for Active status record Action icon is clicked on Expected condition failed: waiting for presence of element located by: By.id:  (tried for 5 second(s) with 500 milliseconds interval)  </system-out>
  <testcase classname="com.gsicommerce.romui.selenium.tests.PipelinesTests" name="testeditPipelineInActive" time="70.171"/>
  <system-out>
Click Edit Pipeline Icon for Inactive status record Action icon is clicked on Expected condition failed: waiting for presence of element located by: By.id:  (tried for 5 second(s) with 500 milliseconds interval)  </system-out>
  <testcase classname="com.gsicommerce.romui.selenium.tests.PipelinesTests" name="testCopyPipeline" time="74.724"/>
  <system-out>
Click Copy Pipeline Icon for Draft status record Action icon is clicked on  </system-out>
  <testcase classname="com.gsicommerce.romui.selenium.tests.PipelinesTests" name="testCopyPipelineActiveStatus" time="71.511"/>
  <system-out>
Click Copy Pipeline Icon for Active status record Action icon is clicked on  </system-out>
  <testcase classname="com.gsicommerce.romui.selenium.tests.PipelinesTests" name="testCopyPipelineInActiveStatus" time="81.953"/>
  <system-out>
Click Copy Pipeline Icon for Inactive status record Action icon is clicked on  </system-out>
  <testcase classname="com.gsicommerce.romui.selenium.tests.PipelinesTests" name="testEditPipelineConfigurationActiveStatus" time="66.063"/>
  <system-out>
Click Edit Pipeline Configuration Icon for Active status record Action icon is clicked on  </system-out>
  <testcase classname="com.gsicommerce.romui.selenium.tests.PipelinesTests" name="testDeletePipeline" time="66.195"/>
  <system-out>
Click delete icon for draft status record Action icon is clicked on  </system-out>
  <testcase classname="com.gsicommerce.romui.selenium.tests.PipelinesTests" name="testPipelineFormValidation" time="55.799"/>
  <system-out>
Selecting Fulfillment Method type for Pipeline Criteria  </system-out>
  <testcase classname="com.gsicommerce.romui.selenium.tests.PipelinesTests" name="testeditPipelienConfigurationDraft" time="105.947"/>
  <system-out>
Selecting PIPELINE CRITERIA BY TENDER TYPE Selecting PIPELINE CRITERIA BY ORDER TYPE Click Edit Pipeline Configuration Icon for Draft status record Action icon is clicked on  </system-out>
</testsuite> <!-- com.gsicommerce.romui.selenium.tests.PipelinesTests -->
