<?xml version="1.0" encoding="UTF-8"?>
<!-- Generated by org.testng.reporters.JUnitReportReporter -->
<testsuite hostname="KOP-BM5TNF2" failures="0" tests="12" name="com.gsicommerce.romui.selenium.tests.PipelinesTests" time="708.055" errors="0" timestamp="2020-06-03T23:23:37 EDT" skipped="0">
  <testcase classname="com.gsicommerce.romui.selenium.tests.PipelinesTests" name="testAddPipeline" time="69.655"/>
  <system-out>
class com.sun.proxy.$Proxy15 cannot be cast to class org.openqa.selenium.By (com.sun.proxy.$Proxy15 and org.openqa.selenium.By are in unnamed module of loader 'app')  </system-out>
  <testcase classname="com.gsicommerce.romui.selenium.tests.PipelinesTests" name="testViewPipeline" time="42.221"/>
  <system-out>
class com.sun.proxy.$Proxy15 cannot be cast to class org.openqa.selenium.By (com.sun.proxy.$Proxy15 and org.openqa.selenium.By are in unnamed module of loader 'app') Action icon is clicked on  </system-out>
  <testcase classname="com.gsicommerce.romui.selenium.tests.PipelinesTests" name="testEditPipeline" time="76.306"/>
  <system-out>
class com.sun.proxy.$Proxy15 cannot be cast to class org.openqa.selenium.By (com.sun.proxy.$Proxy15 and org.openqa.selenium.By are in unnamed module of loader 'app') Action icon is clicked on Expected condition failed: waiting for presence of element located by: By.id:  (tried for 10 second(s) with 500 milliseconds interval)  </system-out>
  <testcase classname="com.gsicommerce.romui.selenium.tests.PipelinesTests" name="testeditPipelineActive" time="71.571"/>
  <system-out>
class com.sun.proxy.$Proxy15 cannot be cast to class org.openqa.selenium.By (com.sun.proxy.$Proxy15 and org.openqa.selenium.By are in unnamed module of loader 'app') Action icon is clicked on Expected condition failed: waiting for presence of element located by: By.id:  (tried for 5 second(s) with 500 milliseconds interval)  </system-out>
  <testcase classname="com.gsicommerce.romui.selenium.tests.PipelinesTests" name="testeditPipelineInActive" time="52.986"/>
  <system-out>
class com.sun.proxy.$Proxy15 cannot be cast to class org.openqa.selenium.By (com.sun.proxy.$Proxy15 and org.openqa.selenium.By are in unnamed module of loader 'app') Action icon is clicked on Expected condition failed: waiting for presence of element located by: By.id:  (tried for 5 second(s) with 500 milliseconds interval)  </system-out>
  <testcase classname="com.gsicommerce.romui.selenium.tests.PipelinesTests" name="testCopyPipeline" time="70.529"/>
  <system-out>
class com.sun.proxy.$Proxy15 cannot be cast to class org.openqa.selenium.By (com.sun.proxy.$Proxy15 and org.openqa.selenium.By are in unnamed module of loader 'app') Action icon is clicked on  </system-out>
  <testcase classname="com.gsicommerce.romui.selenium.tests.PipelinesTests" name="testCopyPipelineActiveStatus" time="47.866"/>
  <system-out>
class com.sun.proxy.$Proxy15 cannot be cast to class org.openqa.selenium.By (com.sun.proxy.$Proxy15 and org.openqa.selenium.By are in unnamed module of loader 'app') Action icon is clicked on  </system-out>
  <testcase classname="com.gsicommerce.romui.selenium.tests.PipelinesTests" name="testCopyPipelineInActiveStatus" time="72.054"/>
  <system-out>
class com.sun.proxy.$Proxy15 cannot be cast to class org.openqa.selenium.By (com.sun.proxy.$Proxy15 and org.openqa.selenium.By are in unnamed module of loader 'app') Action icon is clicked on  </system-out>
  <testcase classname="com.gsicommerce.romui.selenium.tests.PipelinesTests" name="testEditPipelineConfigurationActiveStatus" time="41.307"/>
  <system-out>
class com.sun.proxy.$Proxy15 cannot be cast to class org.openqa.selenium.By (com.sun.proxy.$Proxy15 and org.openqa.selenium.By are in unnamed module of loader 'app') Action icon is clicked on  </system-out>
  <testcase classname="com.gsicommerce.romui.selenium.tests.PipelinesTests" name="testDeletePipeline" time="43.972"/>
  <system-out>
class com.sun.proxy.$Proxy15 cannot be cast to class org.openqa.selenium.By (com.sun.proxy.$Proxy15 and org.openqa.selenium.By are in unnamed module of loader 'app') Action icon is clicked on  </system-out>
  <testcase classname="com.gsicommerce.romui.selenium.tests.PipelinesTests" name="testPipelineFormValidation" time="34.185"/>
  <system-out>
class com.sun.proxy.$Proxy15 cannot be cast to class org.openqa.selenium.By (com.sun.proxy.$Proxy15 and org.openqa.selenium.By are in unnamed module of loader 'app')  </system-out>
  <testcase classname="com.gsicommerce.romui.selenium.tests.PipelinesTests" name="testeditPipelienConfigurationDraft" time="85.403"/>
  <system-out>
class com.sun.proxy.$Proxy15 cannot be cast to class org.openqa.selenium.By (com.sun.proxy.$Proxy15 and org.openqa.selenium.By are in unnamed module of loader 'app') Action icon is clicked on  </system-out>
</testsuite> <!-- com.gsicommerce.romui.selenium.tests.PipelinesTests -->
