<?xml version="1.0" encoding="UTF-8"?>
<!-- Generated by org.testng.reporters.JUnitReportReporter -->
<testsuite hostname="KOP-BM5TNF2" failures="0" tests="1" name="com.gsicommerce.romui.selenium.tests.ShippingLabelConfigTest" time="35.645" errors="0" timestamp="2020-05-07T00:36:45 EDT" skipped="0">
  <testcase classname="com.gsicommerce.romui.selenium.tests.ShippingLabelConfigTest" name="testAddShipLabelConfig" time="35.645"/>
  <system-out>
class com.sun.proxy.$Proxy15 cannot be cast to class org.openqa.selenium.By (com.sun.proxy.$Proxy15 and org.openqa.selenium.By are in unnamed module of loader 'app')  </system-out>
</testsuite> <!-- com.gsicommerce.romui.selenium.tests.ShippingLabelConfigTest -->
