<?xml version="1.0" encoding="UTF-8"?>
<!-- Generated by org.testng.reporters.JUnitReportReporter -->
<testsuite hostname="KOP-BM5TNF2" failures="0" tests="29" name="com.gsicommerce.romui.selenium.tests.SafetyStockConfigsTests" time="506.245" errors="2" timestamp="2020-07-01T15:40:31 EDT" skipped="18">
  <testcase classname="com.gsicommerce.romui.selenium.tests.SafetyStockConfigsTests" name="testEditSafetyStockByNodeItem" time="47.463"/>
  <system-out>
There is no page limit option displayed page limit drop down value is selected Getting the column value of the first row Getting the column value of the first row View Order icon is clicked on  </system-out>
  <testcase classname="com.gsicommerce.romui.selenium.tests.SafetyStockConfigsTests" name="testDeleteSafetyStockByNodeItem" time="42.065"/>
  <system-out>
There is no page limit option displayed page limit drop down value is selected Getting the column value of the first row Getting the column value of the first row Action icon for span element is clicked on  </system-out>
  <testcase classname="com.gsicommerce.romui.selenium.tests.SafetyStockConfigsTests" name="testEditSafetyStockByNodeTypeItem" time="46.081"/>
  <system-out>
There is no page limit option displayed page limit drop down value is selected Getting the column value of the first row Getting the column value of the first row View Order icon is clicked on  </system-out>
  <testcase classname="com.gsicommerce.romui.selenium.tests.SafetyStockConfigsTests" name="testDeleteSafetyStockByNodeTypeItem" time="42.043"/>
  <system-out>
There is no page limit option displayed page limit drop down value is selected Getting the column value of the first row Getting the column value of the first row Action icon for span element is clicked on  </system-out>
  <testcase classname="com.gsicommerce.romui.selenium.tests.SafetyStockConfigsTests" name="testEditSafetyStockByNodeItemAttribute" time="57.404"/>
  <system-out>
There is no page limit option displayed page limit drop down value is selected There is no page limit option displayed page limit drop down value is selected Getting the column value of the first row Getting the column value of the first row View Order icon is clicked on  </system-out>
  <testcase classname="com.gsicommerce.romui.selenium.tests.SafetyStockConfigsTests" name="testDeleteSafetyStockByNodeItemAttribute" time="55.196"/>
  <system-out>
There is no page limit option displayed page limit drop down value is selected There is no page limit option displayed page limit drop down value is selected Getting the column value of the first row Getting the column value of the first row Action icon for span element is clicked on  </system-out>
  <testcase classname="com.gsicommerce.romui.selenium.tests.SafetyStockConfigsTests" name="testEditSafetyStockByNodeTypeItemAttribute" time="47.775"/>
  <system-out>
There is no page limit option displayed page limit drop down value is selected Getting the column value of the first row Getting the column value of the first row View Order icon is clicked on  </system-out>
  <testcase classname="com.gsicommerce.romui.selenium.tests.SafetyStockConfigsTests" name="testDeleteSafetyStockByNodeTypeItemAttribute" time="31.881">
    <error message="element not interactable
  (Session info: chrome=83.0.4103.116)
Build info: version: &#039;3.141.59&#039;, revision: &#039;e82be7d358&#039;, time: &#039;2018-11-14T08:17:03&#039;
System info: host: &#039;KOP-BM5TNF2&#039;, ip: &#039;10.140.132.212&#039;, os.name: &#039;Windows 10&#039;, os.arch: &#039;amd64&#039;, os.version: &#039;10.0&#039;, java.version: &#039;12.0.2&#039;
Driver info: org.openqa.selenium.chrome.ChromeDriver
Capabilities {acceptInsecureCerts: false, browserName: chrome, browserVersion: 83.0.4103.116, chrome: {chromedriverVersion: 83.0.4103.39 (ccbf011cb2d2b..., userDataDir: C:\Users\shedubey\AppData\L...}, goog:chromeOptions: {debuggerAddress: localhost:50858}, javascriptEnabled: true, networkConnectionEnabled: false, pageLoadStrategy: normal, platform: WINDOWS, platformName: WINDOWS, proxy: Proxy(), setWindowRect: true, strictFileInteractability: false, timeouts: {implicit: 0, pageLoad: 300000, script: 30000}, unhandledPromptBehavior: dismiss and notify, webauthn:virtualAuthenticators: true}
Session ID: bd12b6dc8ced175f6c0932f79133432f" type="org.openqa.selenium.ElementNotInteractableException">
      <![CDATA[org.openqa.selenium.ElementNotInteractableException: element not interactable
  (Session info: chrome=83.0.4103.116)
Build info: version: '3.141.59', revision: 'e82be7d358', time: '2018-11-14T08:17:03'
System info: host: 'KOP-BM5TNF2', ip: '10.140.132.212', os.name: 'Windows 10', os.arch: 'amd64', os.version: '10.0', java.version: '12.0.2'
Driver info: org.openqa.selenium.chrome.ChromeDriver
Capabilities {acceptInsecureCerts: false, browserName: chrome, browserVersion: 83.0.4103.116, chrome: {chromedriverVersion: 83.0.4103.39 (ccbf011cb2d2b..., userDataDir: C:\Users\shedubey\AppData\L...}, goog:chromeOptions: {debuggerAddress: localhost:50858}, javascriptEnabled: true, networkConnectionEnabled: false, pageLoadStrategy: normal, platform: WINDOWS, platformName: WINDOWS, proxy: Proxy(), setWindowRect: true, strictFileInteractability: false, timeouts: {implicit: 0, pageLoad: 300000, script: 30000}, unhandledPromptBehavior: dismiss and notify, webauthn:virtualAuthenticators: true}
Session ID: bd12b6dc8ced175f6c0932f79133432f
at java.base/jdk.internal.reflect.NativeConstructorAccessorImpl.newInstance0(Native Method)
at java.base/jdk.internal.reflect.NativeConstructorAccessorImpl.newInstance(NativeConstructorAccessorImpl.java:62)
at java.base/jdk.internal.reflect.DelegatingConstructorAccessorImpl.newInstance(DelegatingConstructorAccessorImpl.java:45)
at java.base/java.lang.reflect.Constructor.newInstanceWithCaller(Constructor.java:500)
at java.base/java.lang.reflect.Constructor.newInstance(Constructor.java:481)
at org.openqa.selenium.remote.http.W3CHttpResponseCodec.createException(W3CHttpResponseCodec.java:187)
at org.openqa.selenium.remote.http.W3CHttpResponseCodec.decode(W3CHttpResponseCodec.java:122)
at org.openqa.selenium.remote.http.W3CHttpResponseCodec.decode(W3CHttpResponseCodec.java:49)
at org.openqa.selenium.remote.HttpCommandExecutor.execute(HttpCommandExecutor.java:158)
at org.openqa.selenium.remote.service.DriverCommandExecutor.execute(DriverCommandExecutor.java:83)
at org.openqa.selenium.remote.RemoteWebDriver.execute(RemoteWebDriver.java:552)
at org.openqa.selenium.remote.RemoteWebElement.execute(RemoteWebElement.java:285)
at org.openqa.selenium.remote.RemoteWebElement.click(RemoteWebElement.java:84)
at java.base/jdk.internal.reflect.NativeMethodAccessorImpl.invoke0(Native Method)
at java.base/jdk.internal.reflect.NativeMethodAccessorImpl.invoke(NativeMethodAccessorImpl.java:62)
at java.base/jdk.internal.reflect.DelegatingMethodAccessorImpl.invoke(DelegatingMethodAccessorImpl.java:43)
at java.base/java.lang.reflect.Method.invoke(Method.java:567)
at org.openqa.selenium.support.pagefactory.internal.LocatingElementHandler.invoke(LocatingElementHandler.java:51)
at com.sun.proxy.$Proxy14.click(Unknown Source)
at com.gsicommerce.romui.selenium.pages.ordermanagement.OrderManagementMenusPage.clickOnSafetyStockConfig(OrderManagementMenusPage.java:267)
at com.gsicommerce.romui.selenium.tests.SafetyStockConfigsTests.testDeleteSafetyStockByNodeTypeItemAttribute(SafetyStockConfigsTests.java:224)
at java.base/jdk.internal.reflect.NativeMethodAccessorImpl.invoke0(Native Method)
at java.base/jdk.internal.reflect.NativeMethodAccessorImpl.invoke(NativeMethodAccessorImpl.java:62)
at java.base/jdk.internal.reflect.DelegatingMethodAccessorImpl.invoke(DelegatingMethodAccessorImpl.java:43)
at java.base/java.lang.reflect.Method.invoke(Method.java:567)
at org.testng.internal.MethodInvocationHelper.invokeMethod(MethodInvocationHelper.java:135)
at org.testng.internal.TestInvoker.invokeMethod(TestInvoker.java:598)
at org.testng.internal.TestInvoker.invokeTestMethod(TestInvoker.java:174)
at org.testng.internal.MethodRunner.runInSequence(MethodRunner.java:46)
at org.testng.internal.TestInvoker$MethodInvocationAgent.invoke(TestInvoker.java:821)
at org.testng.internal.TestInvoker.invokeTestMethods(TestInvoker.java:147)
at org.testng.internal.TestMethodWorker.invokeTestMethods(TestMethodWorker.java:146)
at org.testng.internal.TestMethodWorker.run(TestMethodWorker.java:128)
at java.base/java.util.ArrayList.forEach(ArrayList.java:1540)
at org.testng.TestRunner.privateRun(TestRunner.java:767)
at org.testng.TestRunner.run(TestRunner.java:588)
at org.testng.SuiteRunner.runTest(SuiteRunner.java:384)
at org.testng.SuiteRunner.runSequentially(SuiteRunner.java:378)
at org.testng.SuiteRunner.privateRun(SuiteRunner.java:337)
at org.testng.SuiteRunner.run(SuiteRunner.java:286)
at org.testng.SuiteRunnerWorker.runSuite(SuiteRunnerWorker.java:53)
at org.testng.SuiteRunnerWorker.run(SuiteRunnerWorker.java:96)
at org.testng.TestNG.runSuitesSequentially(TestNG.java:1214)
at org.testng.TestNG.runSuitesLocally(TestNG.java:1136)
at org.testng.TestNG.runSuites(TestNG.java:1066)
at org.testng.TestNG.run(TestNG.java:1034)
at org.testng.remote.AbstractRemoteTestNG.run(AbstractRemoteTestNG.java:115)
at org.testng.remote.RemoteTestNG.initAndRun(RemoteTestNG.java:251)
at org.testng.remote.RemoteTestNG.main(RemoteTestNG.java:77)
]]>
    </error>
  </testcase> <!-- testDeleteSafetyStockByNodeTypeItemAttribute -->
  <system-out/>
  <testcase classname="com.gsicommerce.romui.selenium.tests.SafetyStockConfigsTests" name="testEditSafetyStockByGLOBALNODETYPE" time="43.434"/>
  <system-out>
There is no page limit option displayed page limit drop down value is selected Getting the column value of the first row Getting the column value of the first row View Order icon is clicked on  </system-out>
  <testcase classname="com.gsicommerce.romui.selenium.tests.SafetyStockConfigsTests" name="testDeleteSafetyStockByGLOBALNODETYPE" time="41.863"/>
  <system-out>
There is no page limit option displayed page limit drop down value is selected Getting the column value of the first row Getting the column value of the first row Action icon for span element is clicked on  </system-out>
  <testcase classname="com.gsicommerce.romui.selenium.tests.SafetyStockConfigsTests" name="testSafetyStockSearchBy" time="51.040">
    <error message="no such element: Unable to locate element: {&quot;method&quot;:&quot;css selector&quot;,&quot;selector&quot;:&quot;.reflow-table&quot;}
  (Session info: chrome=83.0.4103.116)
For documentation on this error, please visit: https://www.seleniumhq.org/exceptions/no_such_element.html
Build info: version: &#039;3.141.59&#039;, revision: &#039;e82be7d358&#039;, time: &#039;2018-11-14T08:17:03&#039;
System info: host: &#039;KOP-BM5TNF2&#039;, ip: &#039;10.140.132.212&#039;, os.name: &#039;Windows 10&#039;, os.arch: &#039;amd64&#039;, os.version: &#039;10.0&#039;, java.version: &#039;12.0.2&#039;
Driver info: org.openqa.selenium.chrome.ChromeDriver
Capabilities {acceptInsecureCerts: false, browserName: chrome, browserVersion: 83.0.4103.116, chrome: {chromedriverVersion: 83.0.4103.39 (ccbf011cb2d2b..., userDataDir: C:\Users\shedubey\AppData\L...}, goog:chromeOptions: {debuggerAddress: localhost:51038}, javascriptEnabled: true, networkConnectionEnabled: false, pageLoadStrategy: normal, platform: WINDOWS, platformName: WINDOWS, proxy: Proxy(), setWindowRect: true, strictFileInteractability: false, timeouts: {implicit: 0, pageLoad: 300000, script: 30000}, unhandledPromptBehavior: dismiss and notify, webauthn:virtualAuthenticators: true}
Session ID: debb64d72a0a2489f6a240c027b73e51
*** Element info: {Using=css selector, value=.reflow-table}" type="org.openqa.selenium.NoSuchElementException">
      <![CDATA[org.openqa.selenium.NoSuchElementException: no such element: Unable to locate element: {"method":"css selector","selector":".reflow-table"}
  (Session info: chrome=83.0.4103.116)
For documentation on this error, please visit: https://www.seleniumhq.org/exceptions/no_such_element.html
Build info: version: '3.141.59', revision: 'e82be7d358', time: '2018-11-14T08:17:03'
System info: host: 'KOP-BM5TNF2', ip: '10.140.132.212', os.name: 'Windows 10', os.arch: 'amd64', os.version: '10.0', java.version: '12.0.2'
Driver info: org.openqa.selenium.chrome.ChromeDriver
Capabilities {acceptInsecureCerts: false, browserName: chrome, browserVersion: 83.0.4103.116, chrome: {chromedriverVersion: 83.0.4103.39 (ccbf011cb2d2b..., userDataDir: C:\Users\shedubey\AppData\L...}, goog:chromeOptions: {debuggerAddress: localhost:51038}, javascriptEnabled: true, networkConnectionEnabled: false, pageLoadStrategy: normal, platform: WINDOWS, platformName: WINDOWS, proxy: Proxy(), setWindowRect: true, strictFileInteractability: false, timeouts: {implicit: 0, pageLoad: 300000, script: 30000}, unhandledPromptBehavior: dismiss and notify, webauthn:virtualAuthenticators: true}
Session ID: debb64d72a0a2489f6a240c027b73e51
*** Element info: {Using=css selector, value=.reflow-table}
at java.base/jdk.internal.reflect.NativeConstructorAccessorImpl.newInstance0(Native Method)
at java.base/jdk.internal.reflect.NativeConstructorAccessorImpl.newInstance(NativeConstructorAccessorImpl.java:62)
at java.base/jdk.internal.reflect.DelegatingConstructorAccessorImpl.newInstance(DelegatingConstructorAccessorImpl.java:45)
at java.base/java.lang.reflect.Constructor.newInstanceWithCaller(Constructor.java:500)
at java.base/java.lang.reflect.Constructor.newInstance(Constructor.java:481)
at org.openqa.selenium.remote.http.W3CHttpResponseCodec.createException(W3CHttpResponseCodec.java:187)
at org.openqa.selenium.remote.http.W3CHttpResponseCodec.decode(W3CHttpResponseCodec.java:122)
at org.openqa.selenium.remote.http.W3CHttpResponseCodec.decode(W3CHttpResponseCodec.java:49)
at org.openqa.selenium.remote.HttpCommandExecutor.execute(HttpCommandExecutor.java:158)
at org.openqa.selenium.remote.service.DriverCommandExecutor.execute(DriverCommandExecutor.java:83)
at org.openqa.selenium.remote.RemoteWebDriver.execute(RemoteWebDriver.java:552)
at org.openqa.selenium.remote.RemoteWebDriver.findElement(RemoteWebDriver.java:323)
at org.openqa.selenium.remote.RemoteWebDriver.findElementByCssSelector(RemoteWebDriver.java:420)
at org.openqa.selenium.By$ByCssSelector.findElement(By.java:431)
at org.openqa.selenium.remote.RemoteWebDriver.findElement(RemoteWebDriver.java:315)
at org.openqa.selenium.support.pagefactory.DefaultElementLocator.findElement(DefaultElementLocator.java:69)
at org.openqa.selenium.support.pagefactory.internal.LocatingElementHandler.invoke(LocatingElementHandler.java:38)
at com.sun.proxy.$Proxy14.findElements(Unknown Source)
at com.gsicommerce.romui.selenium.utilities.Webtable.<init>(Webtable.java:25)
at com.gsicommerce.romui.selenium.pages.ordermanagement.CommonElementsPage.nodeWebTable(CommonElementsPage.java:84)
at com.gsicommerce.romui.selenium.pages.ordermanagement.CommonElementsPage.getTotalRows(CommonElementsPage.java:178)
at com.gsicommerce.romui.selenium.pages.ordermanagement.SafetyStockConfigsPage.verfiySafetyStockRecord(SafetyStockConfigsPage.java:423)
at com.gsicommerce.romui.selenium.tests.SafetyStockConfigsTests.testSafetyStockSearchBy(SafetyStockConfigsTests.java:430)
at java.base/jdk.internal.reflect.NativeMethodAccessorImpl.invoke0(Native Method)
at java.base/jdk.internal.reflect.NativeMethodAccessorImpl.invoke(NativeMethodAccessorImpl.java:62)
at java.base/jdk.internal.reflect.DelegatingMethodAccessorImpl.invoke(DelegatingMethodAccessorImpl.java:43)
at java.base/java.lang.reflect.Method.invoke(Method.java:567)
at org.testng.internal.MethodInvocationHelper.invokeMethod(MethodInvocationHelper.java:135)
at org.testng.internal.TestInvoker.invokeMethod(TestInvoker.java:598)
at org.testng.internal.TestInvoker.invokeTestMethod(TestInvoker.java:174)
at org.testng.internal.MethodRunner.runInSequence(MethodRunner.java:46)
at org.testng.internal.TestInvoker$MethodInvocationAgent.invoke(TestInvoker.java:821)
at org.testng.internal.TestInvoker.invokeTestMethods(TestInvoker.java:147)
at org.testng.internal.TestMethodWorker.invokeTestMethods(TestMethodWorker.java:146)
at org.testng.internal.TestMethodWorker.run(TestMethodWorker.java:128)
at java.base/java.util.ArrayList.forEach(ArrayList.java:1540)
at org.testng.TestRunner.privateRun(TestRunner.java:767)
at org.testng.TestRunner.run(TestRunner.java:588)
at org.testng.SuiteRunner.runTest(SuiteRunner.java:384)
at org.testng.SuiteRunner.runSequentially(SuiteRunner.java:378)
at org.testng.SuiteRunner.privateRun(SuiteRunner.java:337)
at org.testng.SuiteRunner.run(SuiteRunner.java:286)
at org.testng.SuiteRunnerWorker.runSuite(SuiteRunnerWorker.java:53)
at org.testng.SuiteRunnerWorker.run(SuiteRunnerWorker.java:96)
at org.testng.TestNG.runSuitesSequentially(TestNG.java:1214)
at org.testng.TestNG.runSuitesLocally(TestNG.java:1136)
at org.testng.TestNG.runSuites(TestNG.java:1066)
at org.testng.TestNG.run(TestNG.java:1034)
at org.testng.remote.AbstractRemoteTestNG.run(AbstractRemoteTestNG.java:115)
at org.testng.remote.RemoteTestNG.initAndRun(RemoteTestNG.java:251)
at org.testng.remote.RemoteTestNG.main(RemoteTestNG.java:77)
]]>
    </error>
  </testcase> <!-- testSafetyStockSearchBy -->
  <system-out>
Get Total No of Rows in the webtable Get Total No of Rows in the webtable Get Total No of Rows in the webtable Get Total No of Rows in the webtable Get Total No of Rows in the webtable  </system-out>
  <testcase classname="com.gsicommerce.romui.selenium.tests.SafetyStockConfigsTests" name="testSafetyStockSearchByGlobalNodeType">
    <skipped/>
  </testcase> <!-- testSafetyStockSearchByGlobalNodeType -->
  <system-out/>
  <testcase classname="com.gsicommerce.romui.selenium.tests.SafetyStockConfigsTests" name="testSafetyStockSearchByNodeTypeItem">
    <skipped/>
  </testcase> <!-- testSafetyStockSearchByNodeTypeItem -->
  <system-out/>
  <testcase classname="com.gsicommerce.romui.selenium.tests.SafetyStockConfigsTests" name="testaddSafetyStockByAGGREGRATEDGLOBAL">
    <skipped/>
  </testcase> <!-- testaddSafetyStockByAGGREGRATEDGLOBAL -->
  <system-out/>
  <testcase classname="com.gsicommerce.romui.selenium.tests.SafetyStockConfigsTests" name="testSafetyStockSearchByNodeItem">
    <skipped/>
  </testcase> <!-- testSafetyStockSearchByNodeItem -->
  <system-out/>
  <testcase classname="com.gsicommerce.romui.selenium.tests.SafetyStockConfigsTests" name="testDeleteSafetyStockByGLOBALSUPPLYTYPE">
    <skipped/>
  </testcase> <!-- testDeleteSafetyStockByGLOBALSUPPLYTYPE -->
  <system-out/>
  <testcase classname="com.gsicommerce.romui.selenium.tests.SafetyStockConfigsTests" name="testSafetyStockSearchByNodeTypeItemAttribute">
    <skipped/>
  </testcase> <!-- testSafetyStockSearchByNodeTypeItemAttribute -->
  <system-out/>
  <testcase classname="com.gsicommerce.romui.selenium.tests.SafetyStockConfigsTests" name="testEditSafetyStockByAGGREGRATEDGLOBAL">
    <skipped/>
  </testcase> <!-- testEditSafetyStockByAGGREGRATEDGLOBAL -->
  <system-out/>
  <testcase classname="com.gsicommerce.romui.selenium.tests.SafetyStockConfigsTests" name="testEditSafetyStockByGLOBALSUPPLYTYPE">
    <skipped/>
  </testcase> <!-- testEditSafetyStockByGLOBALSUPPLYTYPE -->
  <system-out/>
  <testcase classname="com.gsicommerce.romui.selenium.tests.SafetyStockConfigsTests" name="testaddSafetyStockByGLOBALSUPPLYTYPE">
    <skipped/>
  </testcase> <!-- testaddSafetyStockByGLOBALSUPPLYTYPE -->
  <system-out/>
  <testcase classname="com.gsicommerce.romui.selenium.tests.SafetyStockConfigsTests" name="testSafetyStockSearchByNodeItemAttribute">
    <skipped/>
  </testcase> <!-- testSafetyStockSearchByNodeItemAttribute -->
  <system-out/>
  <testcase classname="com.gsicommerce.romui.selenium.tests.SafetyStockConfigsTests" name="testSafetyStockSearchByGlobalSupplyType">
    <skipped/>
  </testcase> <!-- testSafetyStockSearchByGlobalSupplyType -->
  <system-out/>
  <testcase classname="com.gsicommerce.romui.selenium.tests.SafetyStockConfigsTests" name="testaddSafetyStockByGLOBALNODETYPE">
    <skipped/>
  </testcase> <!-- testaddSafetyStockByGLOBALNODETYPE -->
  <system-out/>
  <testcase classname="com.gsicommerce.romui.selenium.tests.SafetyStockConfigsTests" name="testAddSafetyStockByNodeItem">
    <skipped/>
  </testcase> <!-- testAddSafetyStockByNodeItem -->
  <system-out/>
  <testcase classname="com.gsicommerce.romui.selenium.tests.SafetyStockConfigsTests" name="testaddSafetyStockByNodeTypeItemAttribute">
    <skipped/>
  </testcase> <!-- testaddSafetyStockByNodeTypeItemAttribute -->
  <system-out/>
  <testcase classname="com.gsicommerce.romui.selenium.tests.SafetyStockConfigsTests" name="testSafetyStockSearchByAggregatedGlobal">
    <skipped/>
  </testcase> <!-- testSafetyStockSearchByAggregatedGlobal -->
  <system-out/>
  <testcase classname="com.gsicommerce.romui.selenium.tests.SafetyStockConfigsTests" name="testDeleteSafetyStockByAGGREGRATEDGLOBAL">
    <skipped/>
  </testcase> <!-- testDeleteSafetyStockByAGGREGRATEDGLOBAL -->
  <system-out/>
  <testcase classname="com.gsicommerce.romui.selenium.tests.SafetyStockConfigsTests" name="testaddSafetyStockByNodeItemAttribute">
    <skipped/>
  </testcase> <!-- testaddSafetyStockByNodeItemAttribute -->
  <system-out/>
  <testcase classname="com.gsicommerce.romui.selenium.tests.SafetyStockConfigsTests" name="testaddSafetyStockByNodeTypeItem">
    <skipped/>
  </testcase> <!-- testaddSafetyStockByNodeTypeItem -->
  <system-out/>
</testsuite> <!-- com.gsicommerce.romui.selenium.tests.SafetyStockConfigsTests -->
