<?xml version="1.0" encoding="UTF-8"?>
<!-- Generated by org.testng.reporters.JUnitReportReporter -->
<testsuite hostname="KOP-BM5TNF2" failures="0" tests="1" name="com.gsicommerce.romui.selenium.tests.InventoryAvailabilityTests" time="24.002" errors="0" timestamp="2020-06-24T18:11:40 EDT" skipped="0">
  <testcase classname="com.gsicommerce.romui.selenium.tests.InventoryAvailabilityTests" name="testVerifyManageATPRule" time="24.002"/>
  <system-out>
Get Total No of Rows in the webtable  </system-out>
</testsuite> <!-- com.gsicommerce.romui.selenium.tests.InventoryAvailabilityTests -->
