<?xml version="1.0" encoding="UTF-8"?>
<!-- Generated by org.testng.reporters.JUnitReportReporter -->
<testsuite hostname="KOP-BM5TNF2" failures="0" tests="1" name="com.gsicommerce.romui.selenium.tests.OrdersTest" time="24.996" errors="0" timestamp="2020-05-13T00:07:55 EDT" skipped="0">
  <testcase classname="com.gsicommerce.romui.selenium.tests.OrdersTest" name="testAddPipeline" time="24.996"/>
  <system-out>
class com.sun.proxy.$Proxy15 cannot be cast to class org.openqa.selenium.By (com.sun.proxy.$Proxy15 and org.openqa.selenium.By are in unnamed module of loader 'app')  </system-out>
</testsuite> <!-- com.gsicommerce.romui.selenium.tests.OrdersTest -->
