<?xml version="1.0" encoding="UTF-8"?>
<!-- Generated by org.testng.reporters.JUnitReportReporter -->
<testsuite hostname="KOP-BM5TNF2" failures="0" tests="1" name="com.gsicommerce.romui.selenium.tests.AvailabilitySearchTests" time="47.788" errors="0" timestamp="2020-07-07T19:07:30 EDT" skipped="0">
  <testcase classname="com.gsicommerce.romui.selenium.tests.AvailabilitySearchTests" name="testVerifyAvailabilitySearch" time="47.788"/>
  <system-out>
stale element reference: element is not attached to the page document
  (Session info: chrome=83.0.4103.61)
For documentation on this error, please visit: https://www.seleniumhq.org/exceptions/stale_element_reference.html
Build info: version: '3.141.59', revision: 'e82be7d358', time: '2018-11-14T08:17:03'
System info: host: 'KOP-BM5TNF2', ip: '10.140.135.60', os.name: 'Windows 10', os.arch: 'amd64', os.version: '10.0', java.version: '12.0.2'
Driver info: org.openqa.selenium.remote.RemoteWebDriver
Capabilities {acceptInsecureCerts: false, browserName: chrome, browserVersion: 83.0.4103.61, chrome: {chromedriverVersion: 83.0.4103.39 (ccbf011cb2d2b..., userDataDir: C:\Users\you\AppData\Local\...}, goog:chromeOptions: {debuggerAddress: localhost:51054}, javascriptEnabled: true, networkConnectionEnabled: false, pageLoadStrategy: normal, platform: WINDOWS, platformName: WINDOWS, proxy: Proxy(), setWindowRect: true, strictFileInteractability: false, timeouts: {implicit: 0, pageLoad: 300000, script: 30000}, unhandledPromptBehavior: dismiss and notify, webauthn:virtualAuthenticators: true, webdriver.remote.sessionid: a69bab47e3d488425d645e87bf0...}
Session ID: a69bab47e3d488425d645e87bf04d65b Get Total No of Rows in the webtable  </system-out>
</testsuite> <!-- com.gsicommerce.romui.selenium.tests.AvailabilitySearchTests -->
