<?xml version="1.0" encoding="UTF-8"?>
<!-- Generated by org.testng.reporters.JUnitReportReporter -->
<testsuite hostname="KOP-BM5TNF2" failures="0" tests="19" name="com.gsicommerce.romui.selenium.tests.OrdersTests" time="53.978" errors="0" timestamp="2020-07-16T09:45:45 EDT" skipped="18">
  <testcase classname="com.gsicommerce.romui.selenium.tests.OrdersTests" name="testSearchOrderbyNumber" time="53.978"/>
  <system-out>
There is no page limit option displayed page limit drop down value is selected Getting the column value of the first row Getting the column value of the first row  </system-out>
  <testcase classname="com.gsicommerce.romui.selenium.tests.OrdersTests" name="testOrderAuditsByFulfillmentOrder">
    <skipped/>
  </testcase> <!-- testOrderAuditsByFulfillmentOrder -->
  <system-out/>
  <testcase classname="com.gsicommerce.romui.selenium.tests.OrdersTests" name="testOrderAuditsByEmail">
    <skipped/>
  </testcase> <!-- testOrderAuditsByEmail -->
  <system-out/>
  <testcase classname="com.gsicommerce.romui.selenium.tests.OrdersTests" name="testSearchOrderByEmail">
    <skipped/>
  </testcase> <!-- testSearchOrderByEmail -->
  <system-out/>
  <testcase classname="com.gsicommerce.romui.selenium.tests.OrdersTests" name="testOrderAuditsByCustomerName">
    <skipped/>
  </testcase> <!-- testOrderAuditsByCustomerName -->
  <system-out/>
  <testcase classname="com.gsicommerce.romui.selenium.tests.OrdersTests" name="testViewOrderByCustomername">
    <skipped/>
  </testcase> <!-- testViewOrderByCustomername -->
  <system-out/>
  <testcase classname="com.gsicommerce.romui.selenium.tests.OrdersTests" name="testViewOrderByEmail">
    <skipped/>
  </testcase> <!-- testViewOrderByEmail -->
  <system-out/>
  <testcase classname="com.gsicommerce.romui.selenium.tests.OrdersTests" name="testCreateReturnOrder">
    <skipped/>
  </testcase> <!-- testCreateReturnOrder -->
  <system-out/>
  <testcase classname="com.gsicommerce.romui.selenium.tests.OrdersTests" name="testViewOrderByStatus">
    <skipped/>
  </testcase> <!-- testViewOrderByStatus -->
  <system-out/>
  <testcase classname="com.gsicommerce.romui.selenium.tests.OrdersTests" name="testViewOrderByFulfillment">
    <skipped/>
  </testcase> <!-- testViewOrderByFulfillment -->
  <system-out/>
  <testcase classname="com.gsicommerce.romui.selenium.tests.OrdersTests" name="testSearchOrderByOrderStatus">
    <skipped/>
  </testcase> <!-- testSearchOrderByOrderStatus -->
  <system-out/>
  <testcase classname="com.gsicommerce.romui.selenium.tests.OrdersTests" name="testOrderAuditsByOrderStatus">
    <skipped/>
  </testcase> <!-- testOrderAuditsByOrderStatus -->
  <system-out/>
  <testcase classname="com.gsicommerce.romui.selenium.tests.OrdersTests" name="testAddZCOrder">
    <skipped/>
  </testcase> <!-- testAddZCOrder -->
  <system-out/>
  <testcase classname="com.gsicommerce.romui.selenium.tests.OrdersTests" name="testSearchOrderByCustomerName">
    <skipped/>
  </testcase> <!-- testSearchOrderByCustomerName -->
  <system-out/>
  <testcase classname="com.gsicommerce.romui.selenium.tests.OrdersTests" name="testOrderSearchFormValidation">
    <skipped/>
  </testcase> <!-- testOrderSearchFormValidation -->
  <system-out/>
  <testcase classname="com.gsicommerce.romui.selenium.tests.OrdersTests" name="testOrderAuditsByOrderNumberSearch">
    <skipped/>
  </testcase> <!-- testOrderAuditsByOrderNumberSearch -->
  <system-out/>
  <testcase classname="com.gsicommerce.romui.selenium.tests.OrdersTests" name="testViewOrder">
    <skipped/>
  </testcase> <!-- testViewOrder -->
  <system-out/>
  <testcase classname="com.gsicommerce.romui.selenium.tests.OrdersTests" name="testEditSearch">
    <skipped/>
  </testcase> <!-- testEditSearch -->
  <system-out/>
  <testcase classname="com.gsicommerce.romui.selenium.tests.OrdersTests" name="testSearchOrderByFullfillmentNumber">
    <skipped/>
  </testcase> <!-- testSearchOrderByFullfillmentNumber -->
  <system-out/>
</testsuite> <!-- com.gsicommerce.romui.selenium.tests.OrdersTests -->
