<?xml version="1.0" encoding="UTF-8"?>
<!-- Generated by org.testng.reporters.JUnitReportReporter -->
<testsuite hostname="KOP-BM5TNF2" failures="0" tests="4" name="com.gsicommerce.romui.selenium.tests.SellerConfigsTests" time="226.182" errors="0" timestamp="2020-07-14T14:58:22 EDT" skipped="0">
  <testcase classname="com.gsicommerce.romui.selenium.tests.SellerConfigsTests" name="testVerifyManageSellerConfig" time="48.509"/>
  <system-out>
There is no page limit option displayed page limit drop down value is selected Get Total No of Rows in the webtable Getting the column value of the first row Getting the column value of the first row  </system-out>
  <testcase classname="com.gsicommerce.romui.selenium.tests.SellerConfigsTests" name="testEditSeller" time="60.424"/>
  <system-out>
Get Total No of Rows in the webtable There is no page limit option displayed page limit drop down value is selected Click Edit Seller Configurations Icon Getting the column value of the first row View Order icon is clicked on Validate Seller ID,Inventory Organization ID,Seller Name is not editable  </system-out>
  <testcase classname="com.gsicommerce.romui.selenium.tests.SellerConfigsTests" name="testViewSeller" time="52.580"/>
  <system-out>
Get Total No of Rows in the webtable There is no page limit option displayed page limit drop down value is selected Click View Seller Configurations Icon View Order icon is clicked on  </system-out>
  <testcase classname="com.gsicommerce.romui.selenium.tests.SellerConfigsTests" name="testEditSellerFromViewPage" time="64.669"/>
  <system-out>
Get Total No of Rows in the webtable There is no page limit option displayed page limit drop down value is selected Click View Seller Configurations Icon View Order icon is clicked on Validate Seller ID,Inventory Organization ID,Seller Name is not editable  </system-out>
</testsuite> <!-- com.gsicommerce.romui.selenium.tests.SellerConfigsTests -->
