<?xml version="1.0" encoding="UTF-8"?>
<!-- Generated by org.testng.reporters.JUnitReportReporter -->
<testsuite hostname="KOP-5QFS062" name="com.gsicommerce.romui.selenium.ROMUI.tests.LoginTests" tests="1" failures="0" timestamp="23 Apr 2020 19:38:37 GMT" time="15.181" errors="0">
  <testcase name="login" time="15.181" classname="com.gsicommerce.romui.selenium.ROMUI.tests.LoginTests"/>
</testsuite> <!-- com.gsicommerce.romui.selenium.ROMUI.tests.LoginTests -->
