<?xml version="1.0" encoding="UTF-8"?>
<!-- Generated by org.testng.reporters.JUnitReportReporter -->
<testsuite hostname="KOP-BM5TNF2" failures="0" tests="1" name="com.gsicommerce.romui.selenium.tests.InventoryAuditsTests" time="54.522" errors="0" timestamp="2020-07-07T19:07:30 EDT" skipped="0">
  <testcase classname="com.gsicommerce.romui.selenium.tests.InventoryAuditsTests" name="testVerifyInventoryAudit" time="54.522"/>
  <system-out>
Get Total No of Rows in the webtable  </system-out>
</testsuite> <!-- com.gsicommerce.romui.selenium.tests.InventoryAuditsTests -->
